<?xml version="1.0" encoding="UTF-8"?>
<!-- Generated by org.testng.reporters.JUnitReportReporter -->
<testsuite hostname="DESKTOP-BNM05JR" failures="0" tests="1" name="actitime.StandAloneTest1" time="72.723" errors="0" timestamp="2022-11-08T15:20:55 IST" skipped="0">
  <testcase classname="actitime.StandAloneTest1" name="LoginPage" time="72.723"/>
  <system-out/>
</testsuite> <!-- actitime.StandAloneTest1 -->
