<?xml version="1.0" encoding="UTF-8"?>
<!-- Generated by org.testng.reporters.JUnitReportReporter -->
<testsuite hostname="DESKTOP-BNM05JR" failures="0" tests="3" name="actitime.LoginTest" time="19.815" errors="0" timestamp="2022-11-09T00:05:15 IST" skipped="0">
  <testcase classname="actitime.LoginTest" name="testLoginWrongUser" time="5.249"/>
  <system-out/>
  <testcase classname="actitime.LoginTest" name="testLoginWrongUser" time="5.271"/>
  <system-out/>
  <testcase classname="actitime.LoginTest" name="testLoginAndLogout" time="9.295"/>
  <system-out/>
</testsuite> <!-- actitime.LoginTest -->
