<?xml version="1.0" encoding="UTF-8"?>
<!-- Generated by org.testng.reporters.JUnitReportReporter -->
<testsuite hostname="DESKTOP-BNM05JR" failures="0" tests="1" name="actitime.ReportsLeaves" time="80.965" errors="0" timestamp="2022-11-08T17:16:47 IST" skipped="0">
  <testcase classname="actitime.ReportsLeaves" name="ReportsLeaves" time="80.965"/>
  <system-out/>
</testsuite> <!-- actitime.ReportsLeaves -->
