<?xml version="1.0" encoding="UTF-8"?>
<!-- Generated by org.testng.reporters.JUnitReportReporter -->
<testsuite hostname="DESKTOP-BNM05JR" failures="0" tests="1" name="actitime.LoginPage" time="74.094" errors="0" timestamp="2022-11-08T17:16:47 IST" skipped="0">
  <testcase classname="actitime.LoginPage" name="LoginPage" time="74.094"/>
  <system-out/>
</testsuite> <!-- actitime.LoginPage -->
