<?xml version="1.0" encoding="UTF-8"?>
<!-- Generated by org.testng.reporters.JUnitReportReporter -->
<testsuite hostname="DESKTOP-BNM05JR" failures="0" tests="1" name="actitime.AttendenceReportTest" time="18.215" errors="0" timestamp="2022-11-08T23:29:36 IST" skipped="0">
  <testcase classname="actitime.AttendenceReportTest" name="testAttendenceReport" time="18.215"/>
  <system-out/>
</testsuite> <!-- actitime.AttendenceReportTest -->
