<?xml version="1.0" encoding="UTF-8"?>
<!-- Generated by org.testng.reporters.JUnitReportReporter -->
<testsuite hostname="DESKTOP-BNM05JR" failures="0" tests="3" name="actitime.LoginTest" time="18.483" errors="0" timestamp="2022-11-08T23:29:36 IST" skipped="0">
  <testcase classname="actitime.LoginTest" name="testLoginWrongUser" time="5.446"/>
  <system-out/>
  <testcase classname="actitime.LoginTest" name="testLoginAndLogout" time="7.615"/>
  <system-out/>
  <testcase classname="actitime.LoginTest" name="testLoginWrongUser" time="5.422"/>
  <system-out/>
</testsuite> <!-- actitime.LoginTest -->
