<?xml version="1.0" encoding="UTF-8"?>
<!-- Generated by org.testng.reporters.JUnitReportReporter -->
<testsuite hostname="DESKTOP-BNM05JR" failures="0" tests="2" name="actitime.ViewTimeTrackTest" time="31.111" errors="0" timestamp="2022-11-08T23:42:16 IST" skipped="0">
  <testcase classname="actitime.ViewTimeTrackTest" name="testReadyForApproveFilter" time="15.459"/>
  <system-out/>
  <testcase classname="actitime.ViewTimeTrackTest" name="testApproveFilter" time="15.652"/>
  <system-out/>
</testsuite> <!-- actitime.ViewTimeTrackTest -->
