<?xml version="1.0" encoding="UTF-8"?>
<!-- Generated by org.testng.reporters.JUnitReportReporter -->
<testsuite hostname="DESKTOP-BNM05JR" failures="0" tests="3" name="actitime.LoginTest" time="25.314" errors="0" timestamp="2022-11-08T23:42:16 IST" skipped="0">
  <testcase classname="actitime.LoginTest" name="testLoginAndLogout" time="13.143"/>
  <system-out/>
  <testcase classname="actitime.LoginTest" name="testLoginWrongUser" time="5.717"/>
  <system-out/>
  <testcase classname="actitime.LoginTest" name="testLoginWrongUser" time="6.454"/>
  <system-out/>
</testsuite> <!-- actitime.LoginTest -->
