<?xml version="1.0" encoding="UTF-8"?>
<!-- Generated by org.testng.reporters.JUnitReportReporter -->
<testsuite hostname="DESKTOP-BNM05JR" failures="0" tests="2" name="actitime.ViewTimeTrackTest" time="30.761" errors="0" timestamp="2022-11-09T00:10:46 IST" skipped="0">
  <testcase classname="actitime.ViewTimeTrackTest" name="testReadyForApproveFilter" time="15.301"/>
  <system-out/>
  <testcase classname="actitime.ViewTimeTrackTest" name="testApproveFilter" time="15.460"/>
  <system-out/>
</testsuite> <!-- actitime.ViewTimeTrackTest -->
